0 info it worked if it ends with ok
1 verbose cli [ 'node', '/usr/local/bin/npm', 'publish' ]
2 info using npm@1.3.14
3 info using node@v0.10.22
4 verbose publish [ '.' ]
5 verbose cache add [ '.', null ]
6 verbose cache add name=undefined spec="." args=[".",null]
7 verbose parsed url { protocol: null,
7 verbose parsed url   slashes: null,
7 verbose parsed url   auth: null,
7 verbose parsed url   host: null,
7 verbose parsed url   port: null,
7 verbose parsed url   hostname: null,
7 verbose parsed url   hash: null,
7 verbose parsed url   search: null,
7 verbose parsed url   query: null,
7 verbose parsed url   pathname: '.',
7 verbose parsed url   path: '.',
7 verbose parsed url   href: '.' }
8 silly lockFile 3a52ce78- .
9 verbose lock . /Users/johanbjurling/.npm/3a52ce78-.lock
10 verbose tar pack [ '/var/folders/4m/sj437qk92jgf50p_4q2t7m500000gn/T/npm-3327-Xq-AiWbr/1386281926349-0.5692827373277396/tmp.tgz',
10 verbose tar pack   '.' ]
11 verbose tarball /var/folders/4m/sj437qk92jgf50p_4q2t7m500000gn/T/npm-3327-Xq-AiWbr/1386281926349-0.5692827373277396/tmp.tgz
12 verbose folder .
13 info prepublish csvparser@0.1.0
14 silly lockFile 1f1177db-tar tar://.
15 verbose lock tar://. /Users/johanbjurling/.npm/1f1177db-tar.lock
16 silly lockFile aecec3e9-26349-0-5692827373277396-tmp-tgz tar:///var/folders/4m/sj437qk92jgf50p_4q2t7m500000gn/T/npm-3327-Xq-AiWbr/1386281926349-0.5692827373277396/tmp.tgz
17 verbose lock tar:///var/folders/4m/sj437qk92jgf50p_4q2t7m500000gn/T/npm-3327-Xq-AiWbr/1386281926349-0.5692827373277396/tmp.tgz /Users/johanbjurling/.npm/aecec3e9-26349-0-5692827373277396-tmp-tgz.lock
18 silly lockFile 1f1177db-tar tar://.
19 silly lockFile 1f1177db-tar tar://.
20 silly lockFile aecec3e9-26349-0-5692827373277396-tmp-tgz tar:///var/folders/4m/sj437qk92jgf50p_4q2t7m500000gn/T/npm-3327-Xq-AiWbr/1386281926349-0.5692827373277396/tmp.tgz
21 silly lockFile aecec3e9-26349-0-5692827373277396-tmp-tgz tar:///var/folders/4m/sj437qk92jgf50p_4q2t7m500000gn/T/npm-3327-Xq-AiWbr/1386281926349-0.5692827373277396/tmp.tgz
22 verbose tar unpack /var/folders/4m/sj437qk92jgf50p_4q2t7m500000gn/T/npm-3327-Xq-AiWbr/1386281926349-0.5692827373277396/tmp.tgz
23 silly lockFile 062eed65-26349-0-5692827373277396-package tar:///var/folders/4m/sj437qk92jgf50p_4q2t7m500000gn/T/npm-3327-Xq-AiWbr/1386281926349-0.5692827373277396/package
24 verbose lock tar:///var/folders/4m/sj437qk92jgf50p_4q2t7m500000gn/T/npm-3327-Xq-AiWbr/1386281926349-0.5692827373277396/package /Users/johanbjurling/.npm/062eed65-26349-0-5692827373277396-package.lock
25 silly lockFile aecec3e9-26349-0-5692827373277396-tmp-tgz tar:///var/folders/4m/sj437qk92jgf50p_4q2t7m500000gn/T/npm-3327-Xq-AiWbr/1386281926349-0.5692827373277396/tmp.tgz
26 verbose lock tar:///var/folders/4m/sj437qk92jgf50p_4q2t7m500000gn/T/npm-3327-Xq-AiWbr/1386281926349-0.5692827373277396/tmp.tgz /Users/johanbjurling/.npm/aecec3e9-26349-0-5692827373277396-tmp-tgz.lock
27 silly gunzTarPerm modes [ '755', '644' ]
28 silly gunzTarPerm extractEntry package.json
29 silly gunzTarPerm extractEntry .npmignore
30 silly gunzTarPerm extractEntry README.md
31 silly gunzTarPerm extractEntry lib/csvparser.js
32 silly gunzTarPerm extractEntry test/csvparser_test.js
33 silly lockFile 062eed65-26349-0-5692827373277396-package tar:///var/folders/4m/sj437qk92jgf50p_4q2t7m500000gn/T/npm-3327-Xq-AiWbr/1386281926349-0.5692827373277396/package
34 silly lockFile 062eed65-26349-0-5692827373277396-package tar:///var/folders/4m/sj437qk92jgf50p_4q2t7m500000gn/T/npm-3327-Xq-AiWbr/1386281926349-0.5692827373277396/package
35 silly lockFile aecec3e9-26349-0-5692827373277396-tmp-tgz tar:///var/folders/4m/sj437qk92jgf50p_4q2t7m500000gn/T/npm-3327-Xq-AiWbr/1386281926349-0.5692827373277396/tmp.tgz
36 silly lockFile aecec3e9-26349-0-5692827373277396-tmp-tgz tar:///var/folders/4m/sj437qk92jgf50p_4q2t7m500000gn/T/npm-3327-Xq-AiWbr/1386281926349-0.5692827373277396/tmp.tgz
37 verbose tar pack [ '/Users/johanbjurling/.npm/csvparser/0.1.0/package.tgz',
37 verbose tar pack   '/var/folders/4m/sj437qk92jgf50p_4q2t7m500000gn/T/npm-3327-Xq-AiWbr/1386281926349-0.5692827373277396/package' ]
38 verbose tarball /Users/johanbjurling/.npm/csvparser/0.1.0/package.tgz
39 verbose folder /var/folders/4m/sj437qk92jgf50p_4q2t7m500000gn/T/npm-3327-Xq-AiWbr/1386281926349-0.5692827373277396/package
40 silly lockFile 062eed65-26349-0-5692827373277396-package tar:///var/folders/4m/sj437qk92jgf50p_4q2t7m500000gn/T/npm-3327-Xq-AiWbr/1386281926349-0.5692827373277396/package
41 verbose lock tar:///var/folders/4m/sj437qk92jgf50p_4q2t7m500000gn/T/npm-3327-Xq-AiWbr/1386281926349-0.5692827373277396/package /Users/johanbjurling/.npm/062eed65-26349-0-5692827373277396-package.lock
42 silly lockFile 2510674d--npm-csvparser-0-1-0-package-tgz tar:///Users/johanbjurling/.npm/csvparser/0.1.0/package.tgz
43 verbose lock tar:///Users/johanbjurling/.npm/csvparser/0.1.0/package.tgz /Users/johanbjurling/.npm/2510674d--npm-csvparser-0-1-0-package-tgz.lock
44 silly lockFile 062eed65-26349-0-5692827373277396-package tar:///var/folders/4m/sj437qk92jgf50p_4q2t7m500000gn/T/npm-3327-Xq-AiWbr/1386281926349-0.5692827373277396/package
45 silly lockFile 062eed65-26349-0-5692827373277396-package tar:///var/folders/4m/sj437qk92jgf50p_4q2t7m500000gn/T/npm-3327-Xq-AiWbr/1386281926349-0.5692827373277396/package
46 silly lockFile 2510674d--npm-csvparser-0-1-0-package-tgz tar:///Users/johanbjurling/.npm/csvparser/0.1.0/package.tgz
47 silly lockFile 2510674d--npm-csvparser-0-1-0-package-tgz tar:///Users/johanbjurling/.npm/csvparser/0.1.0/package.tgz
48 silly lockFile 20504a40-ling-npm-csvparser-0-1-0-package /Users/johanbjurling/.npm/csvparser/0.1.0/package
49 verbose lock /Users/johanbjurling/.npm/csvparser/0.1.0/package /Users/johanbjurling/.npm/20504a40-ling-npm-csvparser-0-1-0-package.lock
50 silly lockFile 20504a40-ling-npm-csvparser-0-1-0-package /Users/johanbjurling/.npm/csvparser/0.1.0/package
51 silly lockFile 20504a40-ling-npm-csvparser-0-1-0-package /Users/johanbjurling/.npm/csvparser/0.1.0/package
52 verbose tar unpack /Users/johanbjurling/.npm/csvparser/0.1.0/package.tgz
53 silly lockFile 786831ef-ling-npm-csvparser-0-1-0-package tar:///Users/johanbjurling/.npm/csvparser/0.1.0/package
54 verbose lock tar:///Users/johanbjurling/.npm/csvparser/0.1.0/package /Users/johanbjurling/.npm/786831ef-ling-npm-csvparser-0-1-0-package.lock
55 silly lockFile 2510674d--npm-csvparser-0-1-0-package-tgz tar:///Users/johanbjurling/.npm/csvparser/0.1.0/package.tgz
56 verbose lock tar:///Users/johanbjurling/.npm/csvparser/0.1.0/package.tgz /Users/johanbjurling/.npm/2510674d--npm-csvparser-0-1-0-package-tgz.lock
57 silly gunzTarPerm modes [ '755', '644' ]
58 silly gunzTarPerm extractEntry package.json
59 silly gunzTarPerm extractEntry .npmignore
60 silly gunzTarPerm extractEntry README.md
61 silly gunzTarPerm extractEntry lib/csvparser.js
62 silly gunzTarPerm extractEntry test/csvparser_test.js
63 silly lockFile 786831ef-ling-npm-csvparser-0-1-0-package tar:///Users/johanbjurling/.npm/csvparser/0.1.0/package
64 silly lockFile 786831ef-ling-npm-csvparser-0-1-0-package tar:///Users/johanbjurling/.npm/csvparser/0.1.0/package
65 silly lockFile 2510674d--npm-csvparser-0-1-0-package-tgz tar:///Users/johanbjurling/.npm/csvparser/0.1.0/package.tgz
66 silly lockFile 2510674d--npm-csvparser-0-1-0-package-tgz tar:///Users/johanbjurling/.npm/csvparser/0.1.0/package.tgz
67 verbose chmod /Users/johanbjurling/.npm/csvparser/0.1.0/package.tgz 644
68 verbose chown /Users/johanbjurling/.npm/csvparser/0.1.0/package.tgz [ 501, 20 ]
69 silly lockFile 3a52ce78- .
70 silly lockFile 3a52ce78- .
71 silly publish { author: { name: 'Johan Bjurling' },
71 silly publish   name: 'csvparser',
71 silly publish   description: 'A VERY simple csv parser module..',
71 silly publish   version: '0.1.0',
71 silly publish   repository: { url: 'https://github.com/johanbjurling/csvparser' },
71 silly publish   main: './lib/csvparser',
71 silly publish   keywords: [ 'csv', 'parser' ],
71 silly publish   engines: { node: '*' },
71 silly publish   readme: 'qsgeocoder\n-------------\n\nThis is a simple node module for converting addresses to coordinates.\n',
71 silly publish   readmeFilename: 'README.md',
71 silly publish   bugs: { url: 'https://github.com/johanbjurling/csvparser/issues' },
71 silly publish   homepage: 'https://github.com/johanbjurling/csvparser',
71 silly publish   _id: 'csvparser@0.1.0',
71 silly publish   dist: { shasum: 'bca3f1573dfe1d554ff06b7c4af85f7e9021930b' },
71 silly publish   _from: '.' }
72 verbose url raw csvparser
73 verbose url resolving [ 'https://registry.npmjs.org/', './csvparser' ]
74 verbose url resolved https://registry.npmjs.org/csvparser
75 info trying registry request attempt 1 at 23:18:47
76 http PUT https://registry.npmjs.org/csvparser
77 http 409 https://registry.npmjs.org/csvparser
78 verbose url raw csvparser
79 verbose url resolving [ 'https://registry.npmjs.org/', './csvparser' ]
80 verbose url resolved https://registry.npmjs.org/csvparser
81 info trying registry request attempt 1 at 23:18:49
82 http GET https://registry.npmjs.org/csvparser
83 http 200 https://registry.npmjs.org/csvparser
84 verbose uploading [ 'csvparser/-/csvparser-0.1.0.tgz/-rev/7-c3b1ff3f4fd621f1a72177b571d8b8b4',
84 verbose uploading   '/Users/johanbjurling/.npm/csvparser/0.1.0/package.tgz' ]
85 verbose url raw csvparser/-/csvparser-0.1.0.tgz/-rev/7-c3b1ff3f4fd621f1a72177b571d8b8b4
86 verbose url resolving [ 'https://registry.npmjs.org/',
86 verbose url resolving   './csvparser/-/csvparser-0.1.0.tgz/-rev/7-c3b1ff3f4fd621f1a72177b571d8b8b4' ]
87 verbose url resolved https://registry.npmjs.org/csvparser/-/csvparser-0.1.0.tgz/-rev/7-c3b1ff3f4fd621f1a72177b571d8b8b4
88 info trying registry request attempt 1 at 23:18:50
89 http PUT https://registry.npmjs.org/csvparser/-/csvparser-0.1.0.tgz/-rev/7-c3b1ff3f4fd621f1a72177b571d8b8b4
90 http 403 https://registry.npmjs.org/csvparser/-/csvparser-0.1.0.tgz/-rev/7-c3b1ff3f4fd621f1a72177b571d8b8b4
91 info trying registry request attempt 1 at 23:18:52
92 http PUT https://registry.npmjs.org/csvparser/-/csvparser-0.1.0.tgz/-rev/7-c3b1ff3f4fd621f1a72177b571d8b8b4
93 http 403 https://registry.npmjs.org/csvparser/-/csvparser-0.1.0.tgz/-rev/7-c3b1ff3f4fd621f1a72177b571d8b8b4
94 error publish Error uploading package
95 error Error: forbidden user: johanbjurling not authorized to modify csvparser
95 error Added: _attachments.csvparser-0.1.0.tgz: csvparser/-/csvparser-0.1.0.tgz/-rev/7-c3b1ff3f4fd621f1a72177b571d8b8b4
95 error     at RegClient.<anonymous> (/usr/local/lib/node_modules/npm/node_modules/npm-registry-client/lib/request.js:272:14)
95 error     at Request.self.callback (/usr/local/lib/node_modules/npm/node_modules/request/request.js:129:22)
95 error     at Request.EventEmitter.emit (events.js:98:17)
95 error     at Request.<anonymous> (/usr/local/lib/node_modules/npm/node_modules/request/request.js:873:14)
95 error     at Request.EventEmitter.emit (events.js:117:20)
95 error     at IncomingMessage.<anonymous> (/usr/local/lib/node_modules/npm/node_modules/request/request.js:824:12)
95 error     at IncomingMessage.EventEmitter.emit (events.js:117:20)
95 error     at _stream_readable.js:920:16
95 error     at process._tickCallback (node.js:415:13)
96 error If you need help, you may report this log at:
96 error     <http://github.com/isaacs/npm/issues>
96 error or email it to:
96 error     <npm-@googlegroups.com>
97 error System Darwin 12.3.0
98 error command "node" "/usr/local/bin/npm" "publish"
99 error cwd /Users/johanbjurling/dev/nodejs/csvparser
100 error node -v v0.10.22
101 error npm -v 1.3.14
102 verbose exit [ 1, true ]
